<?xml version="1.0" encoding="UTF-8"?>
<!-- Generated by org.testng.reporters.JUnitXMLReporter -->
<testsuite hostname="DESKTOP-3GNVT0U" ignored="0" name="Default test" tests="6" failures="0" timestamp="09 Apr 2021 08:55:11 GMT" time="3037.24" errors="0">
  <testcase name="date_validations" time="236.67" classname="com.qa.testcases.DateRange"/>
  <testcase name="email_sourcing" time="249.482" classname="com.qa.testcases.DateRange"/>
  <testcase name="auto_email_multi_attach" time="1535.517" classname="com.qa.testcases.DateRange"/>
  <testcase name="Auto_email" time="410.767" classname="com.qa.testcases.DateRange"/>
  <testcase name="dunning_values_testing" time="337.89" classname="com.qa.testcases.DateRange"/>
  <testcase name="configuration" time="180.683" classname="com.qa.testcases.DateRange"/>
</testsuite> <!-- Default test -->
